<?xml version="1.0" encoding="UTF-8"?>
<!-- Generated by org.testng.reporters.JUnitReportReporter -->
<testsuite skipped="0" hostname="UT-CPU-192" name="org.honeywell.Trace.utility.Utility" tests="1" failures="0" timestamp="04 Dec 2018 05:50:49 GMT" time="17.467" errors="0">
  <testcase name="runTest" time="17.467" classname="org.honeywell.Trace.utility.Utility"/>
</testsuite> <!-- org.honeywell.Trace.utility.Utility -->
