<?xml version="1.0" encoding="UTF-8"?>
<!-- Generated by org.testng.reporters.JUnitReportReporter -->
<testsuite skipped="0" hostname="UKPI-2K16" name="org.honeywell.kpi.utility.Utility" tests="1" failures="0" timestamp="13 Oct 2018 10:13:16 GMT" time="3416.400" errors="0">
  <testcase name="runTest" time="3416.400" classname="org.honeywell.kpi.utility.Utility"/>
</testsuite> <!-- org.honeywell.kpi.utility.Utility -->
