<?xml version="1.0" encoding="UTF-8"?>
<!-- Generated by org.testng.reporters.JUnitReportReporter -->
<testsuite skipped="0" hostname="UT-CPU-192" name="org.honeywell.Trace.common_methods.GenricApplicationMethods" tests="1" failures="0" timestamp="04 Dec 2018 05:50:49 GMT" time="3.290" errors="0">
  <testcase name="runTest" time="3.290" classname="org.honeywell.Trace.common_methods.GenricApplicationMethods"/>
</testsuite> <!-- org.honeywell.Trace.common_methods.GenricApplicationMethods -->
