<?xml version="1.0" encoding="UTF-8"?>
<!-- Generated by org.testng.reporters.JUnitReportReporter -->
<testsuite hostname="santhosh" name="org.honeywell.Trace.driver.DriverScript" tests="1" failures="0" timestamp="13 Feb 2022 16:18:16 GMT" time="87.172" errors="0">
  <testcase name="runTest" time="87.172" classname="org.honeywell.Trace.driver.DriverScript"/>
</testsuite> <!-- org.honeywell.Trace.driver.DriverScript -->
