<?xml version="1.0" encoding="UTF-8"?>
<!-- Generated by org.testng.reporters.JUnitReportReporter -->
<testsuite skipped="0" hostname="UKPI-2K16" name="org.honeywell.kpi.driver.DriverScript" tests="1" failures="0" timestamp="12 Oct 2018 18:28:56 GMT" time="199.770" errors="0">
  <testcase name="runTest" time="199.770" classname="org.honeywell.kpi.driver.DriverScript"/>
</testsuite> <!-- org.honeywell.kpi.driver.DriverScript -->
